<?xml version="1.0" encoding="UTF-8"?>
<!-- Generated by org.testng.reporters.JUnitReportReporter -->
<testsuite hostname="LAPTOP-0STQ7AK3" failures="0" tests="1" name="com.generic.OnlineBanking" time="6.145" errors="0" timestamp="2023-06-18T14:23:10 EDT" skipped="0">
  <testcase classname="com.generic.OnlineBanking" name="getLogin" time="6.145"/>
  <system-out/>
</testsuite> <!-- com.generic.OnlineBanking -->
