<?xml version="1.0" encoding="UTF-8"?>
<!-- Generated by org.testng.reporters.JUnitReportReporter -->
<testsuite hostname="LAPTOP-0STQ7AK3" failures="0" tests="2" name="com.regression.CucumberRunner" time="0.059" errors="0" timestamp="2023-07-02T10:13:50 EDT" skipped="0">
  <testcase classname="com.regression.CucumberRunner" name="runScenario" time="0.005"/>
  <system-out/>
  <testcase classname="com.regression.CucumberRunner" name="runScenario" time="0.054"/>
  <system-out/>
</testsuite> <!-- com.regression.CucumberRunner -->
