<?xml version="1.0" encoding="UTF-8"?>
<!-- Generated by org.testng.reporters.JUnitReportReporter -->
<testsuite hostname="LAPTOP-0STQ7AK3" failures="0" tests="1" name="com.regression.RunnerFile" time="3.900" errors="0" timestamp="2023-06-12T23:46:02 EDT" skipped="0">
  <testcase classname="com.regression.RunnerFile" name="runScenario" time="3.900"/>
  <system-out/>
</testsuite> <!-- com.regression.RunnerFile -->
