<?xml version="1.0" encoding="UTF-8"?>
<!-- Generated by org.testng.reporters.JUnitReportReporter -->
<testsuite hostname="LAPTOP-0STQ7AK3" failures="0" tests="1" name="com.generic.Login" time="100.284" errors="0" timestamp="2023-06-06T11:30:20 EDT" skipped="0">
  <testcase classname="com.generic.Login" name="getLogin" time="100.284"/>
  <system-out/>
</testsuite> <!-- com.generic.Login -->
