<?xml version="1.0" encoding="UTF-8"?>
<!-- Generated by org.testng.reporters.JUnitReportReporter -->
<testsuite hostname="LAPTOP-0STQ7AK3" failures="0" tests="2" name="com.regression.CucumberRunner" time="8.772" errors="0" timestamp="2023-07-01T23:41:12 EDT" skipped="0">
  <testcase classname="com.regression.CucumberRunner" name="runScenario" time="3.536"/>
  <system-out/>
  <testcase classname="com.regression.CucumberRunner" name="runScenario" time="5.236"/>
  <system-out/>
</testsuite> <!-- com.regression.CucumberRunner -->
